0 verbose cli C:\Program Files\nodejs\node.exe C:\Users\Dell\AppData\Roaming\npm\node_modules\npm\bin\npm-cli.js
1 info using npm@11.1.0
2 info using node@v22.14.0
3 silly config load:file:C:\Users\Dell\AppData\Roaming\npm\node_modules\npm\npmrc
4 silly config load:file:E:\backend learn\new project\.npmrc
5 silly config load:file:C:\Users\Dell\.npmrc
6 silly config load:file:C:\Users\Dell\AppData\Roaming\npm\etc\npmrc
7 verbose title npm i jsonwebtoken
8 verbose argv "i" "jsonwebtoken"
9 verbose logfile logs-max:10 dir:E:\backend learn\new project\clean\_logs\2025-03-22T07_44_27_776Z-
10 verbose logfile E:\backend learn\new project\clean\_logs\2025-03-22T07_44_27_776Z-debug-0.log
11 silly logfile start cleaning logs, removing 1 files
12 silly packumentCache heap:2197815296 maxSize:549453824 maxEntrySize:274726912
13 silly logfile done cleaning log files
14 silly idealTree buildDeps
15 silly fetch manifest jsonwebtoken@*
16 silly packumentCache full:https://registry.npmjs.org/jsonwebtoken cache-miss
17 http fetch GET 200 https://registry.npmjs.org/jsonwebtoken 271ms (cache miss)
18 silly packumentCache full:https://registry.npmjs.org/jsonwebtoken set size:undefined disposed:false
19 silly placeDep ROOT jsonwebtoken@9.0.2 OK for: new-project@1.0.0 want: *
20 silly fetch manifest ms@^2.1.1
21 silly packumentCache full:https://registry.npmjs.org/ms cache-miss
22 silly fetch manifest jws@^3.2.2
23 silly packumentCache full:https://registry.npmjs.org/jws cache-miss
24 silly fetch manifest lodash.once@^4.0.0
25 silly packumentCache full:https://registry.npmjs.org/lodash.once cache-miss
26 http fetch GET 200 https://registry.npmjs.org/jws 67ms (cache miss)
27 silly packumentCache full:https://registry.npmjs.org/jws set size:undefined disposed:false
28 silly fetch manifest lodash.includes@^4.3.0
29 silly packumentCache full:https://registry.npmjs.org/lodash.includes cache-miss
30 http fetch GET 200 https://registry.npmjs.org/ms 104ms (cache updated)
31 silly packumentCache full:https://registry.npmjs.org/ms set size:undefined disposed:false
32 silly fetch manifest lodash.isnumber@^3.0.3
33 silly packumentCache full:https://registry.npmjs.org/lodash.isnumber cache-miss
34 http fetch GET 200 https://registry.npmjs.org/lodash.once 117ms (cache miss)
35 silly packumentCache full:https://registry.npmjs.org/lodash.once set size:undefined disposed:false
36 silly fetch manifest lodash.isstring@^4.0.1
37 silly packumentCache full:https://registry.npmjs.org/lodash.isstring cache-miss
38 http fetch GET 200 https://registry.npmjs.org/lodash.includes 123ms (cache miss)
39 silly packumentCache full:https://registry.npmjs.org/lodash.includes set size:undefined disposed:false
40 silly fetch manifest lodash.isboolean@^3.0.3
41 silly packumentCache full:https://registry.npmjs.org/lodash.isboolean cache-miss
42 http fetch GET 200 https://registry.npmjs.org/lodash.isnumber 99ms (cache miss)
43 silly packumentCache full:https://registry.npmjs.org/lodash.isnumber set size:undefined disposed:false
44 silly fetch manifest lodash.isinteger@^4.0.4
45 silly packumentCache full:https://registry.npmjs.org/lodash.isinteger cache-miss
46 http fetch GET 200 https://registry.npmjs.org/lodash.isstring 94ms (cache miss)
47 silly packumentCache full:https://registry.npmjs.org/lodash.isstring set size:undefined disposed:false
48 silly fetch manifest lodash.isplainobject@^4.0.6
49 silly packumentCache full:https://registry.npmjs.org/lodash.isplainobject cache-miss
50 http fetch GET 200 https://registry.npmjs.org/lodash.isplainobject 33ms (cache miss)
51 silly packumentCache full:https://registry.npmjs.org/lodash.isplainobject set size:undefined disposed:false
52 http fetch GET 200 https://registry.npmjs.org/lodash.isboolean 87ms (cache miss)
53 silly packumentCache full:https://registry.npmjs.org/lodash.isboolean set size:undefined disposed:false
54 http fetch GET 200 https://registry.npmjs.org/lodash.isinteger 85ms (cache miss)
55 silly packumentCache full:https://registry.npmjs.org/lodash.isinteger set size:undefined disposed:false
56 silly placeDep ROOT jws@3.2.2 OK for: jsonwebtoken@9.0.2 want: ^3.2.2
57 silly placeDep ROOT lodash.includes@4.3.0 OK for: jsonwebtoken@9.0.2 want: ^4.3.0
58 silly placeDep ROOT lodash.isboolean@3.0.3 OK for: jsonwebtoken@9.0.2 want: ^3.0.3
59 silly placeDep ROOT lodash.isinteger@4.0.4 OK for: jsonwebtoken@9.0.2 want: ^4.0.4
60 silly placeDep ROOT lodash.isnumber@3.0.3 OK for: jsonwebtoken@9.0.2 want: ^3.0.3
61 silly placeDep ROOT lodash.isplainobject@4.0.6 OK for: jsonwebtoken@9.0.2 want: ^4.0.6
62 silly placeDep ROOT lodash.isstring@4.0.1 OK for: jsonwebtoken@9.0.2 want: ^4.0.1
63 silly placeDep ROOT lodash.once@4.1.1 OK for: jsonwebtoken@9.0.2 want: ^4.0.0
64 silly placeDep node_modules/jsonwebtoken ms@2.1.3 OK for: jsonwebtoken@9.0.2 want: ^2.1.1
65 silly fetch manifest jwa@^1.4.1
66 silly packumentCache full:https://registry.npmjs.org/jwa cache-miss
67 http fetch GET 200 https://registry.npmjs.org/jwa 35ms (cache miss)
68 silly packumentCache full:https://registry.npmjs.org/jwa set size:undefined disposed:false
69 silly placeDep ROOT jwa@1.4.1 OK for: jws@3.2.2 want: ^1.4.1
70 silly fetch manifest buffer-equal-constant-time@1.0.1
71 silly packumentCache full:https://registry.npmjs.org/buffer-equal-constant-time cache-miss
72 silly fetch manifest ecdsa-sig-formatter@1.0.11
73 silly packumentCache full:https://registry.npmjs.org/ecdsa-sig-formatter cache-miss
74 http fetch GET 200 https://registry.npmjs.org/buffer-equal-constant-time 33ms (cache miss)
75 silly packumentCache full:https://registry.npmjs.org/buffer-equal-constant-time set size:undefined disposed:false
76 http fetch GET 200 https://registry.npmjs.org/ecdsa-sig-formatter 37ms (cache miss)
77 silly packumentCache full:https://registry.npmjs.org/ecdsa-sig-formatter set size:undefined disposed:false
78 silly placeDep ROOT buffer-equal-constant-time@1.0.1 OK for: jwa@1.4.1 want: 1.0.1
79 silly placeDep ROOT ecdsa-sig-formatter@1.0.11 OK for: jwa@1.4.1 want: 1.0.11
80 silly reify moves {}
81 silly audit bulk request {
81 silly audit   '@mongodb-js/saslprep': [ '1.2.0' ],
81 silly audit   '@types/webidl-conversions': [ '7.0.3' ],
81 silly audit   '@types/whatwg-url': [ '11.0.5' ],
81 silly audit   accepts: [ '1.3.8' ],
81 silly audit   anymatch: [ '3.1.3' ],
81 silly audit   'array-flatten': [ '1.1.1' ],
81 silly audit   'balanced-match': [ '1.0.2' ],
81 silly audit   bcryptjs: [ '3.0.2' ],
81 silly audit   'binary-extensions': [ '2.3.0' ],
81 silly audit   'body-parser': [ '1.20.3' ],
81 silly audit   'brace-expansion': [ '1.1.11' ],
81 silly audit   braces: [ '3.0.3' ],
81 silly audit   bson: [ '6.10.3' ],
81 silly audit   bytes: [ '3.1.2' ],
81 silly audit   'call-bind-apply-helpers': [ '1.0.2' ],
81 silly audit   'call-bound': [ '1.0.4' ],
81 silly audit   chokidar: [ '3.6.0' ],
81 silly audit   'concat-map': [ '0.0.1' ],
81 silly audit   'content-disposition': [ '0.5.4' ],
81 silly audit   'content-type': [ '1.0.5' ],
81 silly audit   cookie: [ '0.7.1' ],
81 silly audit   'cookie-signature': [ '1.0.6' ],
81 silly audit   'date-fns': [ '4.1.0' ],
81 silly audit   debug: [ '2.6.9', '4.4.0' ],
81 silly audit   depd: [ '2.0.0' ],
81 silly audit   destroy: [ '1.2.0' ],
81 silly audit   dotenv: [ '16.4.7' ],
81 silly audit   'dunder-proto': [ '1.0.1' ],
81 silly audit   'ee-first': [ '1.1.1' ],
81 silly audit   encodeurl: [ '2.0.0', '1.0.2' ],
81 silly audit   'es-define-property': [ '1.0.1' ],
81 silly audit   'es-errors': [ '1.3.0' ],
81 silly audit   'es-object-atoms': [ '1.1.1' ],
81 silly audit   'escape-html': [ '1.0.3' ],
81 silly audit   etag: [ '1.8.1' ],
81 silly audit   express: [ '4.21.2' ],
81 silly audit   'fill-range': [ '7.1.1' ],
81 silly audit   finalhandler: [ '1.3.1' ],
81 silly audit   forwarded: [ '0.2.0' ],
81 silly audit   fresh: [ '0.5.2' ],
81 silly audit   fsevents: [ '2.3.3' ],
81 silly audit   'function-bind': [ '1.1.2' ],
81 silly audit   'get-intrinsic': [ '1.3.0' ],
81 silly audit   'get-proto': [ '1.0.1' ],
81 silly audit   'glob-parent': [ '5.1.2' ],
81 silly audit   gopd: [ '1.2.0' ],
81 silly audit   'has-flag': [ '3.0.0' ],
81 silly audit   'has-symbols': [ '1.1.0' ],
81 silly audit   hasown: [ '2.0.2' ],
81 silly audit   'http-errors': [ '2.0.0' ],
81 silly audit   'iconv-lite': [ '0.4.24' ],
81 silly audit   'ignore-by-default': [ '1.0.1' ],
81 silly audit   inherits: [ '2.0.4' ],
81 silly audit   'ipaddr.js': [ '1.9.1' ],
81 silly audit   'is-binary-path': [ '2.1.0' ],
81 silly audit   'is-extglob': [ '2.1.1' ],
81 silly audit   'is-glob': [ '4.0.3' ],
81 silly audit   'is-number': [ '7.0.0' ],
81 silly audit   kareem: [ '2.6.3' ],
81 silly audit   'math-intrinsics': [ '1.1.0' ],
81 silly audit   'media-typer': [ '0.3.0' ],
81 silly audit   'memory-pager': [ '1.5.0' ],
81 silly audit   'merge-descriptors': [ '1.0.3' ],
81 silly audit   methods: [ '1.1.2' ],
81 silly audit   mime: [ '1.6.0' ],
81 silly audit   'mime-db': [ '1.52.0' ],
81 silly audit   'mime-types': [ '2.1.35' ],
81 silly audit   minimatch: [ '3.1.2' ],
81 silly audit   mongodb: [ '6.14.2' ],
81 silly audit   'mongodb-connection-string-url': [ '3.0.2' ],
81 silly audit   mongoose: [ '8.12.1' ],
81 silly audit   ms: [ '2.1.3', '2.0.0' ],
81 silly audit   mpath: [ '0.9.0' ],
81 silly audit   mquery: [ '5.0.0' ],
81 silly audit   negotiator: [ '0.6.3' ],
81 silly audit   nodemon: [ '3.1.9' ],
81 silly audit   'normalize-path': [ '3.0.0' ],
81 silly audit   'object-inspect': [ '1.13.4' ],
81 silly audit   'on-finished': [ '2.4.1' ],
81 silly audit   parseurl: [ '1.3.3' ],
81 silly audit   'path-to-regexp': [ '0.1.12' ],
81 silly audit   picomatch: [ '2.3.1' ],
81 silly audit   'proxy-addr': [ '2.0.7' ],
81 silly audit   'pstree.remy': [ '1.1.8' ],
81 silly audit   punycode: [ '2.3.1' ],
81 silly audit   qs: [ '6.13.0' ],
81 silly audit   'range-parser': [ '1.2.1' ],
81 silly audit   'raw-body': [ '2.5.2' ],
81 silly audit   readdirp: [ '3.6.0' ],
81 silly audit   'safe-buffer': [ '5.2.1' ],
81 silly audit   'safer-buffer': [ '2.1.2' ],
81 silly audit   semver: [ '7.7.1' ],
81 silly audit   send: [ '0.19.0' ],
81 silly audit   'serve-static': [ '1.16.2' ],
81 silly audit   setprototypeof: [ '1.2.0' ],
81 silly audit   'side-channel': [ '1.1.0' ],
81 silly audit   'side-channel-list': [ '1.0.0' ],
81 silly audit   'side-channel-map': [ '1.0.1' ],
81 silly audit   'side-channel-weakmap': [ '1.0.2' ],
81 silly audit   sift: [ '17.1.3' ],
81 silly audit   'simple-update-notifier': [ '2.0.0' ],
81 silly audit   'sparse-bitfield': [ '3.0.3' ],
81 silly audit   statuses: [ '2.0.1' ],
81 silly audit   'supports-color': [ '5.5.0' ],
81 silly audit   'to-regex-range': [ '5.0.1' ],
81 silly audit   toidentifier: [ '1.0.1' ],
81 silly audit   touch: [ '3.1.1' ],
81 silly audit   tr46: [ '5.1.0' ],
81 silly audit   'type-is': [ '1.6.18' ],
81 silly audit   undefsafe: [ '2.0.5' ],
81 silly audit   unpipe: [ '1.0.0' ],
81 silly audit   'utils-merge': [ '1.0.1' ],
81 silly audit   vary: [ '1.1.2' ],
81 silly audit   'webidl-conversions': [ '7.0.0' ],
81 silly audit   'whatwg-url': [ '14.2.0' ],
81 silly audit   jsonwebtoken: [ '9.0.2' ],
81 silly audit   jws: [ '3.2.2' ],
81 silly audit   'lodash.includes': [ '4.3.0' ],
81 silly audit   'lodash.isboolean': [ '3.0.3' ],
81 silly audit   'lodash.isinteger': [ '4.0.4' ],
81 silly audit   'lodash.isnumber': [ '3.0.3' ],
81 silly audit   'lodash.isplainobject': [ '4.0.6' ],
81 silly audit   'lodash.isstring': [ '4.0.1' ],
81 silly audit   'lodash.once': [ '4.1.1' ],
81 silly audit   jwa: [ '1.4.1' ],
81 silly audit   'buffer-equal-constant-time': [ '1.0.1' ],
81 silly audit   'ecdsa-sig-formatter': [ '1.0.11' ]
81 silly audit }
82 verbose reify failed optional dependency E:\backend learn\new project\node_modules\fsevents
83 silly reify mark deleted [ 'E:\\backend learn\\new project\\node_modules\\fsevents' ]
84 http cache ecdsa-sig-formatter@https://registry.npmjs.org/ecdsa-sig-formatter/-/ecdsa-sig-formatter-1.0.11.tgz 1ms (cache hit)
85 http cache jwa@https://registry.npmjs.org/jwa/-/jwa-1.4.1.tgz 0ms (cache hit)
86 http cache buffer-equal-constant-time@https://registry.npmjs.org/buffer-equal-constant-time/-/buffer-equal-constant-time-1.0.1.tgz 0ms (cache hit)
87 http cache lodash.once@https://registry.npmjs.org/lodash.once/-/lodash.once-4.1.1.tgz 0ms (cache hit)
88 http cache lodash.isplainobject@https://registry.npmjs.org/lodash.isplainobject/-/lodash.isplainobject-4.0.6.tgz 0ms (cache hit)
89 http cache lodash.isstring@https://registry.npmjs.org/lodash.isstring/-/lodash.isstring-4.0.1.tgz 0ms (cache hit)
90 http cache lodash.isnumber@https://registry.npmjs.org/lodash.isnumber/-/lodash.isnumber-3.0.3.tgz 0ms (cache hit)
91 http cache lodash.isboolean@https://registry.npmjs.org/lodash.isboolean/-/lodash.isboolean-3.0.3.tgz 0ms (cache hit)
92 http cache lodash.isinteger@https://registry.npmjs.org/lodash.isinteger/-/lodash.isinteger-4.0.4.tgz 0ms (cache hit)
93 http cache lodash.includes@https://registry.npmjs.org/lodash.includes/-/lodash.includes-4.3.0.tgz 0ms (cache hit)
94 http cache jsonwebtoken@https://registry.npmjs.org/jsonwebtoken/-/jsonwebtoken-9.0.2.tgz 0ms (cache hit)
95 http cache jws@https://registry.npmjs.org/jws/-/jws-3.2.2.tgz 0ms (cache hit)
96 http cache ms@https://registry.npmjs.org/ms/-/ms-2.1.3.tgz 0ms (cache hit)
97 silly tarball no local data for ecdsa-sig-formatter@https://registry.npmjs.org/ecdsa-sig-formatter/-/ecdsa-sig-formatter-1.0.11.tgz. Extracting by manifest.
98 silly tarball no local data for jwa@https://registry.npmjs.org/jwa/-/jwa-1.4.1.tgz. Extracting by manifest.
99 silly tarball no local data for buffer-equal-constant-time@https://registry.npmjs.org/buffer-equal-constant-time/-/buffer-equal-constant-time-1.0.1.tgz. Extracting by manifest.
100 silly tarball no local data for lodash.once@https://registry.npmjs.org/lodash.once/-/lodash.once-4.1.1.tgz. Extracting by manifest.
101 silly tarball no local data for lodash.isplainobject@https://registry.npmjs.org/lodash.isplainobject/-/lodash.isplainobject-4.0.6.tgz. Extracting by manifest.
102 silly tarball no local data for lodash.isstring@https://registry.npmjs.org/lodash.isstring/-/lodash.isstring-4.0.1.tgz. Extracting by manifest.
103 silly tarball no local data for lodash.isnumber@https://registry.npmjs.org/lodash.isnumber/-/lodash.isnumber-3.0.3.tgz. Extracting by manifest.
104 silly tarball no local data for lodash.isboolean@https://registry.npmjs.org/lodash.isboolean/-/lodash.isboolean-3.0.3.tgz. Extracting by manifest.
105 silly tarball no local data for lodash.isinteger@https://registry.npmjs.org/lodash.isinteger/-/lodash.isinteger-4.0.4.tgz. Extracting by manifest.
106 silly tarball no local data for lodash.includes@https://registry.npmjs.org/lodash.includes/-/lodash.includes-4.3.0.tgz. Extracting by manifest.
107 silly tarball no local data for jsonwebtoken@https://registry.npmjs.org/jsonwebtoken/-/jsonwebtoken-9.0.2.tgz. Extracting by manifest.
108 silly tarball no local data for jws@https://registry.npmjs.org/jws/-/jws-3.2.2.tgz. Extracting by manifest.
109 http fetch GET 200 https://registry.npmjs.org/jwa/-/jwa-1.4.1.tgz 198ms (cache miss)
110 http fetch GET 200 https://registry.npmjs.org/lodash.isnumber/-/lodash.isnumber-3.0.3.tgz 220ms (cache miss)
111 http fetch GET 200 https://registry.npmjs.org/lodash.isstring/-/lodash.isstring-4.0.1.tgz 225ms (cache miss)
112 http fetch GET 200 https://registry.npmjs.org/lodash.isplainobject/-/lodash.isplainobject-4.0.6.tgz 229ms (cache miss)
113 http fetch GET 200 https://registry.npmjs.org/lodash.once/-/lodash.once-4.1.1.tgz 231ms (cache miss)
114 http fetch GET 200 https://registry.npmjs.org/lodash.isinteger/-/lodash.isinteger-4.0.4.tgz 229ms (cache miss)
115 http fetch GET 200 https://registry.npmjs.org/lodash.isboolean/-/lodash.isboolean-3.0.3.tgz 235ms (cache miss)
116 http fetch GET 200 https://registry.npmjs.org/ecdsa-sig-formatter/-/ecdsa-sig-formatter-1.0.11.tgz 248ms (cache miss)
117 http fetch GET 200 https://registry.npmjs.org/buffer-equal-constant-time/-/buffer-equal-constant-time-1.0.1.tgz 253ms (cache miss)
118 http fetch POST 200 https://registry.npmjs.org/-/npm/v1/security/advisories/bulk 589ms
119 silly audit report {}
120 http fetch GET 200 https://registry.npmjs.org/lodash.includes/-/lodash.includes-4.3.0.tgz 571ms (cache miss)
121 http fetch GET 200 https://registry.npmjs.org/jws/-/jws-3.2.2.tgz 575ms (cache miss)
122 http fetch GET 200 https://registry.npmjs.org/jsonwebtoken/-/jsonwebtoken-9.0.2.tgz 598ms (cache miss)
123 silly ADD node_modules/ecdsa-sig-formatter
124 silly ADD node_modules/buffer-equal-constant-time
125 silly ADD node_modules/jwa
126 silly ADD node_modules/lodash.once
127 silly ADD node_modules/lodash.isstring
128 silly ADD node_modules/lodash.isplainobject
129 silly ADD node_modules/lodash.isnumber
130 silly ADD node_modules/lodash.isinteger
131 silly ADD node_modules/lodash.isboolean
132 silly ADD node_modules/lodash.includes
133 silly ADD node_modules/jws
134 silly ADD node_modules/jsonwebtoken
135 silly ADD node_modules/jsonwebtoken/node_modules/ms
136 silly ADD
137 verbose cwd E:\backend learn\new project
138 verbose os Windows_NT 10.0.19045
139 verbose node v22.14.0
140 verbose npm  v11.1.0
141 verbose exit 0
142 info ok
