0 verbose cli C:\Program Files\nodejs\node.exe C:\Users\Dell\AppData\Roaming\npm\node_modules\npm\bin\npm-cli.js
1 info using npm@11.1.0
2 info using node@v22.14.0
3 silly config load:file:C:\Users\Dell\AppData\Roaming\npm\node_modules\npm\npmrc
4 silly config load:file:e:\backend learn\new project\.npmrc
5 silly config load:file:C:\Users\Dell\.npmrc
6 silly config load:file:C:\Users\Dell\AppData\Roaming\npm\etc\npmrc
7 verbose title npm view body-parser description dist-tags.latest homepage version time
8 verbose argv "view" "--json" "--" "body-parser" "description" "dist-tags.latest" "homepage" "version" "time"
9 verbose logfile logs-max:10 dir:e:\backend learn\new project\clean\_logs\2025-03-22T07_43_54_923Z-
10 verbose logfile e:\backend learn\new project\clean\_logs\2025-03-22T07_43_54_923Z-debug-0.log
11 silly logfile start cleaning logs, removing 3 files
12 silly logfile done cleaning log files
13 http fetch GET 200 https://registry.npmjs.org/body-parser 193ms (cache updated)
14 verbose cwd e:\backend learn\new project
15 verbose os Windows_NT 10.0.19045
16 verbose node v22.14.0
17 verbose npm  v11.1.0
18 verbose exit 0
19 info ok
